<?xml version="1.0" encoding="UTF-8"?>
<!-- Generated by org.testng.reporters.JUnitReportReporter -->
<testsuite hostname="rajas-macbook.lan" failures="0" tests="5" name="automationScriptsWithReusableMethods.AutomationScriptsTest" time="64.833" errors="0" timestamp="22 Jul 2019 05:30:05 GMT" skipped="2">
  <testcase classname="automationScriptsWithReusableMethods.AutomationScriptsTest" name="navigateToSFDC" time="20.930"/>
  <testcase classname="automationScriptsWithReusableMethods.AutomationScriptsTest" name="checkRememberMe" time="27.231"/>
  <testcase classname="automationScriptsWithReusableMethods.AutomationScriptsTest" name="forgotPassword4A" time="16.672"/>
  <testcase classname="automationScriptsWithReusableMethods.AutomationScriptsTest" name="forgotPassword4B">
    <skipped/>
  </testcase> <!-- forgotPassword4B -->
  <testcase classname="automationScriptsWithReusableMethods.AutomationScriptsTest" name="selectUserMenu05">
    <skipped/>
  </testcase> <!-- selectUserMenu05 -->
</testsuite> <!-- automationScriptsWithReusableMethods.AutomationScriptsTest -->
