<?xml version="1.0" encoding="UTF-8"?>
<!-- Generated by org.testng.reporters.JUnitReportReporter -->
<testsuite skipped="2" hostname="rajas-macbook.lan" name="automationScriptsWithReusableMethods.AutomationScriptsTest" tests="5" failures="0" timestamp="21 Jul 2019 21:51:31 GMT" time="73.464" errors="0">
  <testcase name="navigateToSFDC" time="23.407" classname="automationScriptsWithReusableMethods.AutomationScriptsTest"/>
  <testcase name="checkRememberMe" time="33.784" classname="automationScriptsWithReusableMethods.AutomationScriptsTest"/>
  <testcase name="forgotPassword4A" time="16.273" classname="automationScriptsWithReusableMethods.AutomationScriptsTest"/>
  <testcase name="forgotPassword4B" classname="automationScriptsWithReusableMethods.AutomationScriptsTest">
    <skipped/>
  </testcase> <!-- forgotPassword4B -->
  <testcase name="selectUserMenu05" classname="automationScriptsWithReusableMethods.AutomationScriptsTest">
    <skipped/>
  </testcase> <!-- selectUserMenu05 -->
</testsuite> <!-- automationScriptsWithReusableMethods.AutomationScriptsTest -->
